(0000) 3000  0011000000000000 (   1)                 .ORIG x3000
(3000) 2217  0010001000010111 (   2)                 LD    R1 INPUT
(3001) 2417  0010010000010111 (   3)                 LD    R2 OUTPUT
(3002) 2617  0010011000010111 (   4)                 LD    R3 ONE
(3003) 2817  0010100000010111 (   5)                 LD    R4 ZERO
(3004) 2A16  0010101000010110 (   6)                 LD    R5 ZERO
(3005) 1260  0001001001100000 (   8)                 ADD   R1 R1 #0
(3006) 0C08  0000110000001000 (   9)                 BRNZ  F0
(3007) 127F  0001001001111111 (  10)                 ADD   R1 R1 #-1
(3008) 0409  0000010000001001 (  11)                 BRZ   F1
(3009) 127F  0001001001111111 (  13) LOOP            ADD   R1 R1 #-1
(300A) 080B  0000100000001011 (  14)                 BRN   END_LOOP
(300B) 1AC4  0001101011000100 (  15)                 ADD   R5 R3 R4
(300C) 18E0  0001100011100000 (  16)                 ADD   R4 R3 #0
(300D) 1760  0001011101100000 (  17)                 ADD   R3 R5 #0
(300E) 0FFA  0000111111111010 (  18)                 BRNZP LOOP
(300F) 5B60  0101101101100000 (  20) F0              AND   R5 R5 #0
(3010) 3A08  0011101000001000 (  21)                 ST    R5 OUTPUT
(3011) F025  1111000000100101 (  22)                 TRAP  x25
(3012) 5B60  0101101101100000 (  23) F1              AND   R5 R5 #0
(3013) 1B61  0001101101100001 (  24)                 ADD   R5 R5 #1
(3014) 3A04  0011101000000100 (  25)                 ST    R5 OUTPUT
(3015) F025  1111000000100101 (  26)                 TRAP  x25
(3016) 3A02  0011101000000010 (  27) END_LOOP        ST    R5 OUTPUT
(3017) F025  1111000000100101 (  28)                 TRAP  x25
(3018) 0001  0000000000000001 (  30) INPUT           .FILL x0001
(3019) 0000  0000000000000000 (  31) OUTPUT          .FILL x0000
(301A) 0001  0000000000000001 (  32) ONE             .FILL x0001
(301B) 0000  0000000000000000 (  33) ZERO            .FILL x0000
