(0000) 3000  0011000000000000 (   1)                 .ORIG x3000
(3000) 2015  0010000000010101 (   2)                 LD    R0 INPUT
(3001) 6000  0110000000000000 (   3)                 LDR   R0 R0 #0
(3002) 2214  0010001000010100 (   5)                 LD    R1 BITS
(3003) 6240  0110001001000000 (   6)                 LDR   R1 R1 #0
(3004) 2614  0010011000010100 (   7)                 LD    R3 SIXTEEN
(3005) 927F  1001001001111111 (   8)                 NOT   R1 R1
(3006) 1261  0001001001100001 (   9)                 ADD   R1 R1 #1
(3007) 1243  0001001001000011 (  10)                 ADD   R1 R1 R3
(3008) 54A0  0101010010100000 (  12)                 AND   R2 R2 #0
(3009) 127F  0001001001111111 (  14) LOOP            ADD   R1 R1 #-1
(300A) 0809  0000100000001001 (  15)                 BRN   END_LOOP
(300B) 1020  0001000000100000 (  16)                 ADD   R0 R0 #0
(300C) 0803  0000100000000011 (  17)                 BRN   SET_1
(300D) 1482  0001010010000010 (  18)                 ADD   R2 R2 R2
(300E) 1000  0001000000000000 (  19)                 ADD   R0 R0 R0
(300F) 0FF9  0000111111111001 (  20)                 BRNZP LOOP
(3010) 1482  0001010010000010 (  22) SET_1           ADD   R2 R2 R2
(3011) 14A1  0001010010100001 (  23)                 ADD   R2 R2 #1
(3012) 1000  0001000000000000 (  24)                 ADD   R0 R0 R0
(3013) 0FF5  0000111111110101 (  25)                 BRNZP LOOP
(3014) B403  1011010000000011 (  28) END_LOOP        STI   R2 OUTPUT
(3015) F025  1111000000100101 (  29)                 TRAP  x25
(3016) 3100  0011000100000000 (  31) INPUT           .FILL x3100
(3017) 3101  0011000100000001 (  32) BITS            .FILL x3101
(3018) 3102  0011000100000010 (  33) OUTPUT          .FILL x3102
(3019) 0010  0000000000010000 (  34) SIXTEEN         .FILL x0010
